<?xml version="1.0" encoding="UTF-8"?>
<testng-results ignored="0" total="1" passed="1" failed="0" skipped="0">
  <reporter-output>
    <line>
      <![CDATA[Thats cool!!!Page title is : Best Buy International: Select your Country - Best Buy]]>
    </line>
  </reporter-output>
  <suite started-at="2023-12-05T21:32:33 IST" name="Suite" finished-at="2023-12-05T21:32:37 IST" duration-ms="3355">
    <groups>
    </groups>
    <test started-at="2023-12-05T21:32:33 IST" name="Test" finished-at="2023-12-05T21:32:37 IST" duration-ms="3355">
      <class name="com.bestbuy.sampletest.SampleTest">
        <test-method signature="testPageTitle()[pri:0, instance:com.bestbuy.sampletest.SampleTest@2e6a8155]" started-at="2023-12-05T21:32:33 IST" name="testPageTitle" finished-at="2023-12-05T21:32:37 IST" duration-ms="3317" status="PASS">
          <reporter-output>
            <line>
              <![CDATA[Thats cool!!!Page title is : Best Buy International: Select your Country - Best Buy]]>
            </line>
          </reporter-output>
        </test-method> <!-- testPageTitle -->
      </class> <!-- com.bestbuy.sampletest.SampleTest -->
    </test> <!-- Test -->
  </suite> <!-- Suite -->
</testng-results>
